hs3499
*   31836cf 9th commit (4th on testing).
|\  
| * 52b88cc 7th commit (5th on master).
| *   dd78cda 6th commit (4th on master).
| |\  
| * | 4c8e127 5th commit (3rd on master).
* | | 198ee32 8th commit (3rd on testing).
| |/  
|/|   
* | 7eb8c7d 4th commit (2nd on testing).
|/  
* 82f5824 3rd commit (1st on testing).
* 33d75b6 2nd commit (2nd on master).
* 2054c75 1st commit

jsk757
*   886776e 9th commit (4th on testing).
|\  
| * 8185f4b 7th commit (5th on master).
| *   31d62ea 6th commit (4th on master).
| |\  
| * | 731de27 5th commit (3rd on master).
* | | 648a3cd 8th commit (3rd on testing).
| |/  
|/|   
* | 432cc2f 4th commit (2nd on testing).
|/  
* 17422ee 3rd commit (1st on testing).
* 4a4de90 2nd commit (2nd on master).
* 4af00f6 1st commit (1st on master).

mhf303
*   4a82de7 9th commit (4th on testing).
|\  
| * 986b4eb 7th commit (5th on master).
| *   5cce86d 6th commit (4th on master).
| |\  
| * | 93d66f7 5th commit (3rd on master).
* | | 5c841f3 8th commit (3rd on testing).
| |/  
|/|   
* | 1e0e2b4 4th commit (2nd on testing).
|/  
* f29cb19 3rd commit (1st on testing).
* 16dfbc8 2nd commit (2nd on master).
* b189b09 1st commit (1st on master).
